D:\DOCUMENTS\UNI\2017\SEM 1\ICT397 - ADVANCED GAMES DESIGN AND PROGRAMMING\ASSIGNMENTS\1\ICT397---ASSIGNMENT-1\PROJECT1\DEBUG\CAMERA.OBJ
D:\DOCUMENTS\UNI\2017\SEM 1\ICT397 - ADVANCED GAMES DESIGN AND PROGRAMMING\ASSIGNMENTS\1\ICT397---ASSIGNMENT-1\PROJECT1\DEBUG\MATH.OBJ
D:\DOCUMENTS\UNI\2017\SEM 1\ICT397 - ADVANCED GAMES DESIGN AND PROGRAMMING\ASSIGNMENTS\1\ICT397---ASSIGNMENT-1\PROJECT1\DEBUG\OBJLOADER.OBJ
D:\DOCUMENTS\UNI\2017\SEM 1\ICT397 - ADVANCED GAMES DESIGN AND PROGRAMMING\ASSIGNMENTS\1\ICT397---ASSIGNMENT-1\PROJECT1\DEBUG\TEXTURELOADER.OBJ
D:\DOCUMENTS\UNI\2017\SEM 1\ICT397 - ADVANCED GAMES DESIGN AND PROGRAMMING\ASSIGNMENTS\1\ICT397---ASSIGNMENT-1\PROJECT1\DEBUG\BRUTEFORCE.OBJ
D:\DOCUMENTS\UNI\2017\SEM 1\ICT397 - ADVANCED GAMES DESIGN AND PROGRAMMING\ASSIGNMENTS\1\ICT397---ASSIGNMENT-1\PROJECT1\DEBUG\MAIN.OBJ
D:\DOCUMENTS\UNI\2017\SEM 1\ICT397 - ADVANCED GAMES DESIGN AND PROGRAMMING\ASSIGNMENTS\1\ICT397---ASSIGNMENT-1\PROJECT1\DEBUG\WORLD.OBJ
D:\DOCUMENTS\UNI\2017\SEM 1\ICT397 - ADVANCED GAMES DESIGN AND PROGRAMMING\ASSIGNMENTS\1\ICT397---ASSIGNMENT-1\PROJECT1\DEBUG\VC110.PDB
D:\DOCUMENTS\UNI\2017\SEM 1\ICT397 - ADVANCED GAMES DESIGN AND PROGRAMMING\ASSIGNMENTS\1\ICT397---ASSIGNMENT-1\PROJECT1\DEBUG\TERRAIN.OBJ
D:\DOCUMENTS\UNI\2017\SEM 1\ICT397 - ADVANCED GAMES DESIGN AND PROGRAMMING\ASSIGNMENTS\1\ICT397---ASSIGNMENT-1\DEBUG\PROJECT1.ILK
D:\DOCUMENTS\UNI\2017\SEM 1\ICT397 - ADVANCED GAMES DESIGN AND PROGRAMMING\ASSIGNMENTS\1\ICT397---ASSIGNMENT-1\DEBUG\PROJECT1.EXE
D:\DOCUMENTS\UNI\2017\SEM 1\ICT397 - ADVANCED GAMES DESIGN AND PROGRAMMING\ASSIGNMENTS\1\ICT397---ASSIGNMENT-1\DEBUG\PROJECT1.PDB
D:\Documents\Uni\2017\Sem 1\ICT397 - Advanced Games Design and Programming\Assignments\1\ICT397---Assignment-1\Project1\Debug\BruteForce.obj
D:\Documents\Uni\2017\Sem 1\ICT397 - Advanced Games Design and Programming\Assignments\1\ICT397---Assignment-1\Project1\Debug\Camera.obj
D:\Documents\Uni\2017\Sem 1\ICT397 - Advanced Games Design and Programming\Assignments\1\ICT397---Assignment-1\Project1\Debug\main.obj
D:\Documents\Uni\2017\Sem 1\ICT397 - Advanced Games Design and Programming\Assignments\1\ICT397---Assignment-1\Project1\Debug\Math.obj
D:\Documents\Uni\2017\Sem 1\ICT397 - Advanced Games Design and Programming\Assignments\1\ICT397---Assignment-1\Project1\Debug\OBJLoader.obj
D:\Documents\Uni\2017\Sem 1\ICT397 - Advanced Games Design and Programming\Assignments\1\ICT397---Assignment-1\Project1\Debug\Terrain.obj
D:\Documents\Uni\2017\Sem 1\ICT397 - Advanced Games Design and Programming\Assignments\1\ICT397---Assignment-1\Project1\Debug\TextureLoader.obj
D:\Documents\Uni\2017\Sem 1\ICT397 - Advanced Games Design and Programming\Assignments\1\ICT397---Assignment-1\Project1\Debug\World.obj
D:\Documents\Uni\2017\Sem 1\ICT397 - Advanced Games Design and Programming\Assignments\1\ICT397---Assignment-1\Project1\Debug\cl.command.1.tlog
D:\Documents\Uni\2017\Sem 1\ICT397 - Advanced Games Design and Programming\Assignments\1\ICT397---Assignment-1\Project1\Debug\CL.read.1.tlog
D:\Documents\Uni\2017\Sem 1\ICT397 - Advanced Games Design and Programming\Assignments\1\ICT397---Assignment-1\Project1\Debug\CL.write.1.tlog
D:\Documents\Uni\2017\Sem 1\ICT397 - Advanced Games Design and Programming\Assignments\1\ICT397---Assignment-1\Project1\Debug\link-cvtres.read.1.tlog
D:\Documents\Uni\2017\Sem 1\ICT397 - Advanced Games Design and Programming\Assignments\1\ICT397---Assignment-1\Project1\Debug\link-cvtres.write.1.tlog
D:\Documents\Uni\2017\Sem 1\ICT397 - Advanced Games Design and Programming\Assignments\1\ICT397---Assignment-1\Project1\Debug\link-rc.read.1.tlog
D:\Documents\Uni\2017\Sem 1\ICT397 - Advanced Games Design and Programming\Assignments\1\ICT397---Assignment-1\Project1\Debug\link-rc.write.1.tlog
D:\Documents\Uni\2017\Sem 1\ICT397 - Advanced Games Design and Programming\Assignments\1\ICT397---Assignment-1\Project1\Debug\link.command.1.tlog
D:\Documents\Uni\2017\Sem 1\ICT397 - Advanced Games Design and Programming\Assignments\1\ICT397---Assignment-1\Project1\Debug\link.read.1.tlog
D:\Documents\Uni\2017\Sem 1\ICT397 - Advanced Games Design and Programming\Assignments\1\ICT397---Assignment-1\Project1\Debug\link.read.2.tlog
D:\Documents\Uni\2017\Sem 1\ICT397 - Advanced Games Design and Programming\Assignments\1\ICT397---Assignment-1\Project1\Debug\link.write.1.tlog
D:\Documents\Uni\2017\Sem 1\ICT397 - Advanced Games Design and Programming\Assignments\1\ICT397---Assignment-1\Project1\Debug\vc110.idb
D:\Documents\Uni\2017\Sem 1\ICT397 - Advanced Games Design and Programming\Assignments\1\ICT397---Assignment-1\Project1\Debug\vc110.pdb
D:\Documents\Uni\2017\Sem 1\ICT397 - Advanced Games Design and Programming\Assignments\1\ICT397---Assignment-1\Debug\Project1.pdb
D:\Documents\Uni\2017\Sem 1\ICT397 - Advanced Games Design and Programming\Assignments\1\ICT397---Assignment-1\Debug\Project1.exe
D:\Documents\Uni\2017\Sem 1\ICT397 - Advanced Games Design and Programming\Assignments\1\ICT397---Assignment-1\Debug\Project1.ilk
